<?xml version="1.0" encoding="UTF-8"?>
<!-- Generated by org.testng.reporters.JUnitReportReporter -->
<testsuite skipped="0" hostname="DESKTOP-P39BN03" name="com.guru.testcases.TC_LoginTest_01" tests="1" failures="0" timestamp="09 Oct 2019 05:22:52 GMT" time="20.324" errors="0">
  <testcase name="m1" time="20.324" classname="com.guru.testcases.TC_LoginTest_01"/>
</testsuite> <!-- com.guru.testcases.TC_LoginTest_01 -->
