<?xml version="1.0" encoding="UTF-8"?>
<!-- Generated by org.testng.reporters.JUnitReportReporter -->
<testsuite skipped="1" hostname="DESKTOP-P39BN03" name="com.guru.testcases.TC_LoginTestDDT_02" tests="1" failures="0" timestamp="15 Oct 2019 17:26:25 GMT" time="0.000" errors="0">
  <testcase name="LoginDDT" time="0.000" classname="com.guru.testcases.TC_LoginTestDDT_02">
    <skipped/>
  </testcase> <!-- LoginDDT -->
</testsuite> <!-- com.guru.testcases.TC_LoginTestDDT_02 -->
